<?xml version="1.0" encoding="UTF-8"?>
<!-- Generated by org.testng.reporters.JUnitReportReporter -->
<testsuite hostname="DESKTOP-T1UPUTK" failures="0" tests="1" name="tests.logintest" time="39.754" errors="0" timestamp="2023-06-01T13:04:28 WAT" skipped="0">
  <testcase classname="tests.logintest" name="invalidlogin" time="39.754"/>
  <system-out/>
</testsuite> <!-- tests.logintest -->
